2012-06-25 14:00:49 Error: [MissingActionException] Action UsersController::display() could not be found.
#0 /home/webonise/amsc.assignment.com/lib/Cake/Routing/Dispatcher.php(103): Controller->invokeAction(Object(CakeRequest))
#1 /home/webonise/amsc.assignment.com/lib/Cake/Routing/Dispatcher.php(85): Dispatcher->_invoke(Object(UsersController), Object(CakeRequest), Object(CakeResponse))
#2 /home/webonise/amsc.assignment.com/app/webroot/index.php(92): Dispatcher->dispatch(Object(CakeRequest), Object(CakeResponse))
#3 /home/webonise/amsc.assignment.com/index.php(40): require('/home/webonise/...')
#4 {main}
2012-06-25 17:50:42 Error: [MissingControllerException] Controller class ProfileController could not be found.
#0 /home/webonise/amsc.assignment.com/webroot/index.php(94): Dispatcher->dispatch(Object(CakeRequest), Object(CakeResponse))
#1 {main}
2012-06-25 17:51:35 Error: [PDOException] SQLSTATE[23000]: Integrity constraint violation: 1062 Duplicate entry '0' for key 'PRIMARY'
#0 /home/webonise/amsc.assignment.com/lib/Cake/Model/Datasource/DboSource.php(436): PDOStatement->execute(Array)
#1 /home/webonise/amsc.assignment.com/lib/Cake/Model/Datasource/DboSource.php(402): DboSource->_execute('INSERT INTO `am...', Array)
#2 /home/webonise/amsc.assignment.com/lib/Cake/Model/Datasource/DboSource.php(984): DboSource->execute('INSERT INTO `am...')
#3 /home/webonise/amsc.assignment.com/lib/Cake/Model/Model.php(1721): DboSource->create(Object(User), Array, Array)
#4 /home/webonise/amsc.assignment.com/app/Controller/UsersController.php(43): Model->save(Array)
#5 [internal function]: UsersController->add()
#6 /home/webonise/amsc.assignment.com/lib/Cake/Controller/Controller.php(485): ReflectionMethod->invokeArgs(Object(UsersController), Array)
#7 /home/webonise/amsc.assignment.com/lib/Cake/Routing/Dispatcher.php(103): Controller->invokeAction(Object(CakeRequest))
#8 /home/webonise/amsc.assignment.com/lib/Cake/Routing/Dispatcher.php(85): Dispatcher->_invoke(Object(UsersController), Object(CakeRequest), Object(CakeResponse))
#9 /home/webonise/amsc.assignment.com/webroot/index.php(94): Dispatcher->dispatch(Object(CakeRequest), Object(CakeResponse))
#10 {main}
2012-06-25 17:54:29 Error: [PDOException] SQLSTATE[23000]: Integrity constraint violation: 1062 Duplicate entry '0' for key 'PRIMARY'
#0 /home/webonise/amsc.assignment.com/lib/Cake/Model/Datasource/DboSource.php(436): PDOStatement->execute(Array)
#1 /home/webonise/amsc.assignment.com/lib/Cake/Model/Datasource/DboSource.php(402): DboSource->_execute('INSERT INTO `am...', Array)
#2 /home/webonise/amsc.assignment.com/lib/Cake/Model/Datasource/DboSource.php(984): DboSource->execute('INSERT INTO `am...')
#3 /home/webonise/amsc.assignment.com/lib/Cake/Model/Model.php(1721): DboSource->create(Object(User), Array, Array)
#4 /home/webonise/amsc.assignment.com/app/Controller/UsersController.php(43): Model->save(Array)
#5 [internal function]: UsersController->add()
#6 /home/webonise/amsc.assignment.com/lib/Cake/Controller/Controller.php(485): ReflectionMethod->invokeArgs(Object(UsersController), Array)
#7 /home/webonise/amsc.assignment.com/lib/Cake/Routing/Dispatcher.php(103): Controller->invokeAction(Object(CakeRequest))
#8 /home/webonise/amsc.assignment.com/lib/Cake/Routing/Dispatcher.php(85): Dispatcher->_invoke(Object(UsersController), Object(CakeRequest), Object(CakeResponse))
#9 /home/webonise/amsc.assignment.com/webroot/index.php(94): Dispatcher->dispatch(Object(CakeRequest), Object(CakeResponse))
#10 {main}
2012-06-25 17:59:34 Error: [PDOException] SQLSTATE[23000]: Integrity constraint violation: 1062 Duplicate entry '0' for key 'PRIMARY'
#0 /home/webonise/amsc.assignment.com/lib/Cake/Model/Datasource/DboSource.php(436): PDOStatement->execute(Array)
#1 /home/webonise/amsc.assignment.com/lib/Cake/Model/Datasource/DboSource.php(402): DboSource->_execute('INSERT INTO `am...', Array)
#2 /home/webonise/amsc.assignment.com/lib/Cake/Model/Datasource/DboSource.php(984): DboSource->execute('INSERT INTO `am...')
#3 /home/webonise/amsc.assignment.com/lib/Cake/Model/Model.php(1721): DboSource->create(Object(User), Array, Array)
#4 /home/webonise/amsc.assignment.com/app/Controller/UsersController.php(43): Model->save(Array)
#5 [internal function]: UsersController->add()
#6 /home/webonise/amsc.assignment.com/lib/Cake/Controller/Controller.php(485): ReflectionMethod->invokeArgs(Object(UsersController), Array)
#7 /home/webonise/amsc.assignment.com/lib/Cake/Routing/Dispatcher.php(103): Controller->invokeAction(Object(CakeRequest))
#8 /home/webonise/amsc.assignment.com/lib/Cake/Routing/Dispatcher.php(85): Dispatcher->_invoke(Object(UsersController), Object(CakeRequest), Object(CakeResponse))
#9 /home/webonise/amsc.assignment.com/webroot/index.php(94): Dispatcher->dispatch(Object(CakeRequest), Object(CakeResponse))
#10 {main}
2012-06-25 18:02:01 Error: [PDOException] SQLSTATE[23000]: Integrity constraint violation: 1062 Duplicate entry '0' for key 'PRIMARY'
#0 /home/webonise/amsc.assignment.com/lib/Cake/Model/Datasource/DboSource.php(436): PDOStatement->execute(Array)
#1 /home/webonise/amsc.assignment.com/lib/Cake/Model/Datasource/DboSource.php(402): DboSource->_execute('INSERT INTO `am...', Array)
#2 /home/webonise/amsc.assignment.com/lib/Cake/Model/Datasource/DboSource.php(984): DboSource->execute('INSERT INTO `am...')
#3 /home/webonise/amsc.assignment.com/lib/Cake/Model/Model.php(1721): DboSource->create(Object(User), Array, Array)
#4 /home/webonise/amsc.assignment.com/app/Controller/UsersController.php(43): Model->save(Array)
#5 [internal function]: UsersController->add()
#6 /home/webonise/amsc.assignment.com/lib/Cake/Controller/Controller.php(485): ReflectionMethod->invokeArgs(Object(UsersController), Array)
#7 /home/webonise/amsc.assignment.com/lib/Cake/Routing/Dispatcher.php(103): Controller->invokeAction(Object(CakeRequest))
#8 /home/webonise/amsc.assignment.com/lib/Cake/Routing/Dispatcher.php(85): Dispatcher->_invoke(Object(UsersController), Object(CakeRequest), Object(CakeResponse))
#9 /home/webonise/amsc.assignment.com/webroot/index.php(94): Dispatcher->dispatch(Object(CakeRequest), Object(CakeResponse))
#10 {main}
2012-06-25 18:02:23 Error: [PDOException] SQLSTATE[23000]: Integrity constraint violation: 1062 Duplicate entry '0' for key 'PRIMARY'
#0 /home/webonise/amsc.assignment.com/lib/Cake/Model/Datasource/DboSource.php(436): PDOStatement->execute(Array)
#1 /home/webonise/amsc.assignment.com/lib/Cake/Model/Datasource/DboSource.php(402): DboSource->_execute('INSERT INTO `am...', Array)
#2 /home/webonise/amsc.assignment.com/lib/Cake/Model/Datasource/DboSource.php(984): DboSource->execute('INSERT INTO `am...')
#3 /home/webonise/amsc.assignment.com/lib/Cake/Model/Model.php(1721): DboSource->create(Object(User), Array, Array)
#4 /home/webonise/amsc.assignment.com/app/Controller/UsersController.php(43): Model->save(Array)
#5 [internal function]: UsersController->add()
#6 /home/webonise/amsc.assignment.com/lib/Cake/Controller/Controller.php(485): ReflectionMethod->invokeArgs(Object(UsersController), Array)
#7 /home/webonise/amsc.assignment.com/lib/Cake/Routing/Dispatcher.php(103): Controller->invokeAction(Object(CakeRequest))
#8 /home/webonise/amsc.assignment.com/lib/Cake/Routing/Dispatcher.php(85): Dispatcher->_invoke(Object(UsersController), Object(CakeRequest), Object(CakeResponse))
#9 /home/webonise/amsc.assignment.com/webroot/index.php(94): Dispatcher->dispatch(Object(CakeRequest), Object(CakeResponse))
#10 {main}
2012-06-25 20:25:08 Error: [MissingControllerException] Controller class AdminController could not be found.
#0 /home/webonise/amsc.assignment.com/webroot/index.php(94): Dispatcher->dispatch(Object(CakeRequest), Object(CakeResponse))
#1 {main}
2012-06-25 20:25:52 Error: [MissingControllerException] Controller class AdminController could not be found.
#0 /home/webonise/amsc.assignment.com/webroot/index.php(94): Dispatcher->dispatch(Object(CakeRequest), Object(CakeResponse))
#1 {main}
2012-06-25 20:32:51 Error: [MissingControllerException] Controller class MessageController could not be found.
#0 /home/webonise/amsc.assignment.com/webroot/index.php(94): Dispatcher->dispatch(Object(CakeRequest), Object(CakeResponse))
#1 {main}
2012-06-25 20:34:58 Error: [NotFoundException] Invalid Message
#0 /home/webonise/amsc.assignment.com/lib/Cake/Controller/Scaffold.php(402): Scaffold->_scaffoldDelete(Object(CakeRequest))
#1 /home/webonise/amsc.assignment.com/lib/Cake/Controller/Scaffold.php(151): Scaffold->_scaffold(Object(CakeRequest))
#2 /home/webonise/amsc.assignment.com/lib/Cake/Controller/Controller.php(530): Scaffold->__construct(Object(MessagesController), Object(CakeRequest))
#3 /home/webonise/amsc.assignment.com/lib/Cake/Controller/Controller.php(489): Controller->_getScaffold(Object(CakeRequest))
#4 /home/webonise/amsc.assignment.com/lib/Cake/Routing/Dispatcher.php(103): Controller->invokeAction(Object(CakeRequest))
#5 /home/webonise/amsc.assignment.com/lib/Cake/Routing/Dispatcher.php(85): Dispatcher->_invoke(Object(MessagesController), Object(CakeRequest), Object(CakeResponse))
#6 /home/webonise/amsc.assignment.com/webroot/index.php(94): Dispatcher->dispatch(Object(CakeRequest), Object(CakeResponse))
#7 {main}
